<?xml version="1.0" encoding="UTF-8"?>
<testng-results skipped="1" failed="0" total="1" passed="0">
  <reporter-output>
  </reporter-output>
  <suite name="Suite" duration-ms="25751" started-at="2017-03-28T05:24:44Z" finished-at="2017-03-28T05:25:10Z">
    <groups>
    </groups>
    <test name="Test" duration-ms="25751" started-at="2017-03-28T05:24:44Z" finished-at="2017-03-28T05:25:10Z">
      <class name="testcases.CreationOfContentCourseByPresentation">
        <test-method status="PASS" signature="beforeSuite()[pri:0, instance:testcases.CreationOfContentCourseByPresentation@13deb50e]" name="beforeSuite" is-config="true" duration-ms="254" started-at="2017-03-28T10:54:44Z" finished-at="2017-03-28T10:54:44Z">
          <reporter-output>
          </reporter-output>
        </test-method> <!-- beforeSuite -->
        <test-method status="PASS" signature="beforeTest()[pri:0, instance:testcases.CreationOfContentCourseByPresentation@13deb50e]" name="beforeTest" is-config="true" duration-ms="2" started-at="2017-03-28T10:54:44Z" finished-at="2017-03-28T10:54:44Z">
          <reporter-output>
          </reporter-output>
        </test-method> <!-- beforeTest -->
        <test-method status="PASS" signature="setValues(java.lang.String)[pri:0, instance:testcases.CreationOfContentCourseByPresentation@13deb50e]" name="setValues" is-config="true" duration-ms="1" started-at="2017-03-28T10:54:44Z" finished-at="2017-03-28T10:54:44Z">
          <params>
            <param index="0">
              <value>
                <![CDATA[chrome]]>
              </value>
            </param>
          </params>
          <reporter-output>
          </reporter-output>
        </test-method> <!-- setValues -->
        <test-method status="FAIL" signature="beforeMethod()[pri:0, instance:testcases.CreationOfContentCourseByPresentation@13deb50e]" name="beforeMethod" is-config="true" duration-ms="0" started-at="2017-03-28T10:54:44Z" finished-at="2017-03-28T10:54:44Z">
          <exception class="java.lang.StackOverflowError">
            <full-stacktrace>
              <![CDATA[java.lang.StackOverflowError
	at org.openqa.selenium.remote.service.DriverCommandExecutor.execute(DriverCommandExecutor.java:84)
	at org.openqa.selenium.remote.RemoteWebDriver.execute(RemoteWebDriver.java:601)
	at org.openqa.selenium.remote.RemoteWebDriver.execute(RemoteWebDriver.java:658)
	at org.openqa.selenium.remote.RemoteWebDriver.getScreenshotAs(RemoteWebDriver.java:340)
	at wrappers.GenericWrappers.takeSnap(GenericWrappers.java:687)
	at utils.Reporter.reportStep(Reporter.java:20)
	at wrappers.GenericWrappers.takeSnap(GenericWrappers.java:690)
	at utils.Reporter.reportStep(Reporter.java:20)
	at wrappers.GenericWrappers.takeSnap(GenericWrappers.java:690)
	at utils.Reporter.reportStep(Reporter.java:20)
	at wrappers.GenericWrappers.takeSnap(GenericWrappers.java:690)
	at utils.Reporter.reportStep(Reporter.java:20)
	at wrappers.GenericWrappers.takeSnap(GenericWrappers.java:690)
	at utils.Reporter.reportStep(Reporter.java:20)
	at wrappers.GenericWrappers.takeSnap(GenericWrappers.java:690)
	at utils.Reporter.reportStep(Reporter.java:20)
	at wrappers.GenericWrappers.takeSnap(GenericWrappers.java:690)
	at utils.Reporter.reportStep(Reporter.java:20)
	at wrappers.GenericWrappers.takeSnap(GenericWrappers.java:690)
	at utils.Reporter.reportStep(Reporter.java:20)
	at wrappers.GenericWrappers.takeSnap(GenericWrappers.java:690)
	at utils.Reporter.reportStep(Reporter.java:20)
	at wrappers.GenericWrappers.takeSnap(GenericWrappers.java:690)
	at utils.Reporter.reportStep(Reporter.java:20)
	at wrappers.GenericWrappers.takeSnap(GenericWrappers.java:690)
	at utils.Reporter.reportStep(Reporter.java:20)
	at wrappers.GenericWrappers.takeSnap(GenericWrappers.java:690)
	at utils.Reporter.reportStep(Reporter.java:20)
	at wrappers.GenericWrappers.takeSnap(GenericWrappers.java:690)
	at utils.Reporter.reportStep(Reporter.java:20)
	at wrappers.GenericWrappers.takeSnap(GenericWrappers.java:690)
	at utils.Reporter.reportStep(Reporter.java:20)
	at wrappers.GenericWrappers.takeSnap(GenericWrappers.java:690)
	at utils.Reporter.reportStep(Reporter.java:20)
	at wrappers.GenericWrappers.takeSnap(GenericWrappers.java:690)
	at utils.Reporter.reportStep(Reporter.java:20)
	at wrappers.GenericWrappers.takeSnap(GenericWrappers.java:690)
	at utils.Reporter.reportStep(Reporter.java:20)
	at wrappers.GenericWrappers.takeSnap(GenericWrappers.java:690)
	at utils.Reporter.reportStep(Reporter.java:20)
	at wrappers.GenericWrappers.takeSnap(GenericWrappers.java:690)
	at utils.Reporter.reportStep(Reporter.java:20)
	at wrappers.GenericWrappers.takeSnap(GenericWrappers.java:690)
	at utils.Reporter.reportStep(Reporter.java:20)
	at wrappers.GenericWrappers.takeSnap(GenericWrappers.java:690)
	at utils.Reporter.reportStep(Reporter.java:20)
	at wrappers.GenericWrappers.takeSnap(GenericWrappers.java:690)
	at utils.Reporter.reportStep(Reporter.java:20)
	at wrappers.GenericWrappers.takeSnap(GenericWrappers.java:690)
	at utils.Reporter.reportStep(Reporter.java:20)
	at wrappers.GenericWrappers.takeSnap(GenericWrappers.java:690)
	at utils.Reporter.reportStep(Reporter.java:20)
	at wrappers.GenericWrappers.takeSnap(GenericWrappers.java:690)
	at utils.Reporter.reportStep(Reporter.java:20)
	at wrappers.GenericWrappers.takeSnap(GenericWrappers.java:690)
	at utils.Reporter.reportStep(Reporter.java:20)
	at wrappers.GenericWrappers.takeSnap(GenericWrappers.java:690)
	at utils.Reporter.reportStep(Reporter.java:20)
	at wrappers.GenericWrappers.takeSnap(GenericWrappers.java:690)
	at utils.Reporter.reportStep(Reporter.java:20)
	at wrappers.GenericWrappers.takeSnap(GenericWrappers.java:690)
	at utils.Reporter.reportStep(Reporter.java:20)
	at wrappers.GenericWrappers.takeSnap(GenericWrappers.java:690)
	at utils.Reporter.reportStep(Reporter.java:20)
	at wrappers.GenericWrappers.takeSnap(GenericWrappers.java:690)
	at utils.Reporter.reportStep(Reporter.java:20)
	at wrappers.GenericWrappers.takeSnap(GenericWrappers.java:690)
	at utils.Reporter.reportStep(Reporter.java:20)
	at wrappers.GenericWrappers.takeSnap(GenericWrappers.java:690)
	at utils.Reporter.reportStep(Reporter.java:20)
	at wrappers.GenericWrappers.takeSnap(GenericWrappers.java:690)
	at utils.Reporter.reportStep(Reporter.java:20)
	at wrappers.GenericWrappers.takeSnap(GenericWrappers.java:690)
	at utils.Reporter.reportStep(Reporter.java:20)
	at wrappers.GenericWrappers.takeSnap(GenericWrappers.java:690)
	at utils.Reporter.reportStep(Reporter.java:20)
	at wrappers.GenericWrappers.takeSnap(GenericWrappers.java:690)
	at utils.Reporter.reportStep(Reporter.java:20)
	at wrappers.GenericWrappers.takeSnap(GenericWrappers.java:690)
	at utils.Reporter.reportStep(Reporter.java:20)
	at wrappers.GenericWrappers.takeSnap(GenericWrappers.java:690)
	at utils.Reporter.reportStep(Reporter.java:20)
	at wrappers.GenericWrappers.takeSnap(GenericWrappers.java:690)
	at utils.Reporter.reportStep(Reporter.java:20)
	at wrappers.GenericWrappers.takeSnap(GenericWrappers.java:690)
	at utils.Reporter.reportStep(Reporter.java:20)
	at wrappers.GenericWrappers.takeSnap(GenericWrappers.java:690)
	at utils.Reporter.reportStep(Reporter.java:20)
	at wrappers.GenericWrappers.takeSnap(GenericWrappers.java:690)
	at utils.Reporter.reportStep(Reporter.java:20)
	at wrappers.GenericWrappers.takeSnap(GenericWrappers.java:690)
	at utils.Reporter.reportStep(Reporter.java:20)
	at wrappers.GenericWrappers.takeSnap(GenericWrappers.java:690)
	at utils.Reporter.reportStep(Reporter.java:20)
	at wrappers.GenericWrappers.takeSnap(GenericWrappers.java:690)
	at utils.Reporter.reportStep(Reporter.java:20)
	at wrappers.GenericWrappers.takeSnap(GenericWrappers.java:690)
	at utils.Reporter.reportStep(Reporter.java:20)
	at wrappers.GenericWrappers.takeSnap(GenericWrappers.java:690)
	at utils.Reporter.reportStep(Reporter.java:20)
	at wrappers.GenericWrappers.takeSnap(GenericWrappers.java:690)
	at utils.Reporter.reportStep(Reporter.java:20)
	at wrappers.GenericWrappers.takeSnap(GenericWrappers.java:690)
	at utils.Reporter.reportStep(Reporter.java:20)
	at wrappers.GenericWrappers.takeSnap(GenericWrappers.java:690)
	at utils.Reporter.reportStep(Reporter.java:20)
	at wrappers.GenericWrappers.takeSnap(GenericWrappers.java:690)
	at utils.Reporter.reportStep(Reporter.java:20)
	at wrappers.GenericWrappers.takeSnap(GenericWrappers.java:690)
	at utils.Reporter.reportStep(Reporter.java:20)
	at wrappers.GenericWrappers.takeSnap(GenericWrappers.java:690)
	at utils.Reporter.reportStep(Reporter.java:20)
	at wrappers.GenericWrappers.takeSnap(GenericWrappers.java:690)
	at utils.Reporter.reportStep(Reporter.java:20)
	at wrappers.GenericWrappers.takeSnap(GenericWrappers.java:690)
	at utils.Reporter.reportStep(Reporter.java:20)
	at wrappers.GenericWrappers.takeSnap(GenericWrappers.java:690)
	at utils.Reporter.reportStep(Reporter.java:20)
	at wrappers.GenericWrappers.takeSnap(GenericWrappers.java:690)
	at utils.Reporter.reportStep(Reporter.java:20)
	at wrappers.GenericWrappers.takeSnap(GenericWrappers.java:690)
	at utils.Reporter.reportStep(Reporter.java:20)
	at wrappers.GenericWrappers.takeSnap(GenericWrappers.java:690)
	at utils.Reporter.reportStep(Reporter.java:20)
	at wrappers.GenericWrappers.takeSnap(GenericWrappers.java:690)
	at utils.Reporter.reportStep(Reporter.java:20)
	at wrappers.GenericWrappers.takeSnap(GenericWrappers.java:690)
	at utils.Reporter.reportStep(Reporter.java:20)
	at wrappers.GenericWrappers.takeSnap(GenericWrappers.java:690)
	at utils.Reporter.reportStep(Reporter.java:20)
	at wrappers.GenericWrappers.takeSnap(GenericWrappers.java:690)
	at utils.Reporter.reportStep(Reporter.java:20)
	at wrappers.GenericWrappers.takeSnap(GenericWrappers.java:690)
	at utils.Reporter.reportStep(Reporter.java:20)
	at wrappers.GenericWrappers.takeSnap(GenericWrappers.java:690)
	at utils.Reporter.reportStep(Reporter.java:20)
	at wrappers.GenericWrappers.takeSnap(GenericWrappers.java:690)
	at utils.Reporter.reportStep(Reporter.java:20)
	at wrappers.GenericWrappers.takeSnap(GenericWrappers.java:690)
	at utils.Reporter.reportStep(Reporter.java:20)
	at wrappers.GenericWrappers.takeSnap(GenericWrappers.java:690)
	at utils.Reporter.reportStep(Reporter.java:20)
	at wrappers.GenericWrappers.takeSnap(GenericWrappers.java:690)
	at utils.Reporter.reportStep(Reporter.java:20)
	at wrappers.GenericWrappers.takeSnap(GenericWrappers.java:690)
	at utils.Reporter.reportStep(Reporter.java:20)
	at wrappers.GenericWrappers.takeSnap(GenericWrappers.java:690)
	at utils.Reporter.reportStep(Reporter.java:20)
	at wrappers.GenericWrappers.takeSnap(GenericWrappers.java:690)
	at utils.Reporter.reportStep(Reporter.java:20)
	at wrappers.GenericWrappers.takeSnap(GenericWrappers.java:690)
	at utils.Reporter.reportStep(Reporter.java:20)
	at wrappers.GenericWrappers.takeSnap(GenericWrappers.java:690)
	at utils.Reporter.reportStep(Reporter.java:20)
	at wrappers.GenericWrappers.takeSnap(GenericWrappers.java:690)
	at utils.Reporter.reportStep(Reporter.java:20)
	at wrappers.GenericWrappers.takeSnap(GenericWrappers.java:690)
	at utils.Reporter.reportStep(Reporter.java:20)
	at wrappers.GenericWrappers.takeSnap(GenericWrappers.java:690)
	at utils.Reporter.reportStep(Reporter.java:20)
	at wrappers.GenericWrappers.takeSnap(GenericWrappers.java:690)
	at utils.Reporter.reportStep(Reporter.java:20)
	at wrappers.GenericWrappers.takeSnap(GenericWrappers.java:690)
	at utils.Reporter.reportStep(Reporter.java:20)
	at wrappers.GenericWrappers.takeSnap(GenericWrappers.java:690)
	at utils.Reporter.reportStep(Reporter.java:20)
	at wrappers.GenericWrappers.takeSnap(GenericWrappers.java:690)
	at utils.Reporter.reportStep(Reporter.java:20)
	at wrappers.GenericWrappers.takeSnap(GenericWrappers.java:690)
	at utils.Reporter.reportStep(Reporter.java:20)
	at wrappers.GenericWrappers.takeSnap(GenericWrappers.java:690)
	at utils.Reporter.reportStep(Reporter.java:20)
	at wrappers.GenericWrappers.takeSnap(GenericWrappers.java:690)
	at utils.Reporter.reportStep(Reporter.java:20)
	at wrappers.GenericWrappers.takeSnap(GenericWrappers.java:690)
	at utils.Reporter.reportStep(Reporter.java:20)
	at wrappers.GenericWrappers.takeSnap(GenericWrappers.java:690)
	at utils.Reporter.reportStep(Reporter.java:20)
	at wrappers.GenericWrappers.takeSnap(GenericWrappers.java:690)
	at utils.Reporter.reportStep(Reporter.java:20)
	at wrappers.GenericWrappers.takeSnap(GenericWrappers.java:690)
	at utils.Reporter.reportStep(Reporter.java:20)
	at wrappers.GenericWrappers.takeSnap(GenericWrappers.java:690)
	at utils.Reporter.reportStep(Reporter.java:20)
	at wrappers.GenericWrappers.takeSnap(GenericWrappers.java:690)
	at utils.Reporter.reportStep(Reporter.java:20)
	at wrappers.GenericWrappers.takeSnap(GenericWrappers.java:690)
	at utils.Reporter.reportStep(Reporter.java:20)
	at wrappers.GenericWrappers.takeSnap(GenericWrappers.java:690)
	at utils.Reporter.reportStep(Reporter.java:20)
	at wrappers.GenericWrappers.takeSnap(GenericWrappers.java:690)
	at utils.Reporter.reportStep(Reporter.java:20)
	at wrappers.GenericWrappers.takeSnap(GenericWrappers.java:690)
	at utils.Reporter.reportStep(Reporter.java:20)
	at wrappers.GenericWrappers.takeSnap(GenericWrappers.java:690)
	at utils.Reporter.reportStep(Reporter.java:20)
	at wrappers.GenericWrappers.takeSnap(GenericWrappers.java:690)
	at utils.Reporter.reportStep(Reporter.java:20)
	at wrappers.GenericWrappers.takeSnap(GenericWrappers.java:690)
	at utils.Reporter.reportStep(Reporter.java:20)
	at wrappers.GenericWrappers.takeSnap(GenericWrappers.java:690)
	at utils.Reporter.reportStep(Reporter.java:20)
	at wrappers.GenericWrappers.takeSnap(GenericWrappers.java:690)
	at utils.Reporter.reportStep(Reporter.java:20)
	at wrappers.GenericWrappers.takeSnap(GenericWrappers.java:690)
	at utils.Reporter.reportStep(Reporter.java:20)
	at wrappers.GenericWrappers.takeSnap(GenericWrappers.java:690)
	at utils.Reporter.reportStep(Reporter.java:20)
	at wrappers.GenericWrappers.takeSnap(GenericWrappers.java:690)
	at utils.Reporter.reportStep(Reporter.java:20)
	at wrappers.GenericWrappers.takeSnap(GenericWrappers.java:690)
	at utils.Reporter.reportStep(Reporter.java:20)
	at wrappers.GenericWrappers.takeSnap(GenericWrappers.java:690)
	at utils.Reporter.reportStep(Reporter.java:20)
	at wrappers.GenericWrappers.takeSnap(GenericWrappers.java:690)
	at utils.Reporter.reportStep(Reporter.java:20)
	at wrappers.GenericWrappers.takeSnap(GenericWrappers.java:690)
	at utils.Reporter.reportStep(Reporter.java:20)
	at wrappers.GenericWrappers.takeSnap(GenericWrappers.java:690)
	at utils.Reporter.reportStep(Reporter.java:20)
	at wrappers.GenericWrappers.takeSnap(GenericWrappers.java:690)
	at utils.Reporter.reportStep(Reporter.java:20)
	at wrappers.GenericWrappers.takeSnap(GenericWrappers.java:690)
	at utils.Reporter.reportStep(Reporter.java:20)
	at wrappers.GenericWrappers.takeSnap(GenericWrappers.java:690)
	at utils.Reporter.reportStep(Reporter.java:20)
	at wrappers.GenericWrappers.takeSnap(GenericWrappers.java:690)
	at utils.Reporter.reportStep(Reporter.java:20)
	at wrappers.GenericWrappers.takeSnap(GenericWrappers.java:690)
	at utils.Reporter.reportStep(Reporter.java:20)
	at wrappers.GenericWrappers.takeSnap(GenericWrappers.java:690)
	at utils.Reporter.reportStep(Reporter.java:20)
	at wrappers.GenericWrappers.takeSnap(GenericWrappers.java:690)
	at utils.Reporter.reportStep(Reporter.java:20)
	at wrappers.GenericWrappers.takeSnap(GenericWrappers.java:690)
	at utils.Reporter.reportStep(Reporter.java:20)
	at wrappers.GenericWrappers.takeSnap(GenericWrappers.java:690)
	at utils.Reporter.reportStep(Reporter.java:20)
	at wrappers.GenericWrappers.takeSnap(GenericWrappers.java:690)
	at utils.Reporter.reportStep(Reporter.java:20)
	at wrappers.GenericWrappers.takeSnap(GenericWrappers.java:690)
	at utils.Reporter.reportStep(Reporter.java:20)
	at wrappers.GenericWrappers.takeSnap(GenericWrappers.java:690)
	at utils.Reporter.reportStep(Reporter.java:20)
	at wrappers.GenericWrappers.takeSnap(GenericWrappers.java:690)
	at utils.Reporter.reportStep(Reporter.java:20)
	at wrappers.GenericWrappers.takeSnap(GenericWrappers.java:690)
	at utils.Reporter.reportStep(Reporter.java:20)
	at wrappers.GenericWrappers.takeSnap(GenericWrappers.java:690)
	at utils.Reporter.reportStep(Reporter.java:20)
	at wrappers.GenericWrappers.takeSnap(GenericWrappers.java:690)
	at utils.Reporter.reportStep(Reporter.java:20)
	at wrappers.GenericWrappers.takeSnap(GenericWrappers.java:690)
	at utils.Reporter.reportStep(Reporter.java:20)
	at wrappers.GenericWrappers.takeSnap(GenericWrappers.java:690)
	at utils.Reporter.reportStep(Reporter.java:20)
	at wrappers.GenericWrappers.takeSnap(GenericWrappers.java:690)
	at utils.Reporter.reportStep(Reporter.java:20)
	at wrappers.GenericWrappers.takeSnap(GenericWrappers.java:690)
	at utils.Reporter.reportStep(Reporter.java:20)
	at wrappers.GenericWrappers.takeSnap(GenericWrappers.java:690)
	at utils.Reporter.reportStep(Reporter.java:20)
	at wrappers.GenericWrappers.takeSnap(GenericWrappers.java:690)
	at utils.Reporter.reportStep(Reporter.java:20)
	at wrappers.GenericWrappers.takeSnap(GenericWrappers.java:690)
	at utils.Reporter.reportStep(Reporter.java:20)
	at wrappers.GenericWrappers.takeSnap(GenericWrappers.java:690)
	at utils.Reporter.reportStep(Reporter.java:20)
	at wrappers.GenericWrappers.takeSnap(GenericWrappers.java:690)
	at utils.Reporter.reportStep(Reporter.java:20)
	at wrappers.GenericWrappers.takeSnap(GenericWrappers.java:690)
	at utils.Reporter.reportStep(Reporter.java:20)
	at wrappers.GenericWrappers.takeSnap(GenericWrappers.java:690)
	at utils.Reporter.reportStep(Reporter.java:20)
	at wrappers.GenericWrappers.takeSnap(GenericWrappers.java:690)
	at utils.Reporter.reportStep(Reporter.java:20)
	at wrappers.GenericWrappers.takeSnap(GenericWrappers.java:690)
	at utils.Reporter.reportStep(Reporter.java:20)
	at wrappers.GenericWrappers.takeSnap(GenericWrappers.java:690)
	at utils.Reporter.reportStep(Reporter.java:20)
	at wrappers.GenericWrappers.takeSnap(GenericWrappers.java:690)
	at utils.Reporter.reportStep(Reporter.java:20)
	at wrappers.GenericWrappers.takeSnap(GenericWrappers.java:690)
	at utils.Reporter.reportStep(Reporter.java:20)
	at wrappers.GenericWrappers.takeSnap(GenericWrappers.java:690)
	at utils.Reporter.reportStep(Reporter.java:20)
	at wrappers.GenericWrappers.takeSnap(GenericWrappers.java:690)
	at utils.Reporter.reportStep(Reporter.java:20)
	at wrappers.GenericWrappers.takeSnap(GenericWrappers.java:690)
	at utils.Reporter.reportStep(Reporter.java:20)
	at wrappers.GenericWrappers.takeSnap(GenericWrappers.java:690)
	at utils.Reporter.reportStep(Reporter.java:20)
	at wrappers.GenericWrappers.takeSnap(GenericWrappers.java:690)
	at utils.Reporter.reportStep(Reporter.java:20)
	at wrappers.GenericWrappers.takeSnap(GenericWrappers.java:690)
	at utils.Reporter.reportStep(Reporter.java:20)
	at wrappers.GenericWrappers.takeSnap(GenericWrappers.java:690)
	at utils.Reporter.reportStep(Reporter.java:20)
	at wrappers.GenericWrappers.takeSnap(GenericWrappers.java:690)
	at utils.Reporter.reportStep(Reporter.java:20)
	at wrappers.GenericWrappers.takeSnap(GenericWrappers.java:690)
	at utils.Reporter.reportStep(Reporter.java:20)
	at wrappers.GenericWrappers.takeSnap(GenericWrappers.java:690)
	at utils.Reporter.reportStep(Reporter.java:20)
	at wrappers.GenericWrappers.takeSnap(GenericWrappers.java:690)
	at utils.Reporter.reportStep(Reporter.java:20)
	at wrappers.GenericWrappers.takeSnap(GenericWrappers.java:690)
	at utils.Reporter.reportStep(Reporter.java:20)
	at wrappers.GenericWrappers.takeSnap(GenericWrappers.java:690)
	at utils.Reporter.reportStep(Reporter.java:20)
	at wrappers.GenericWrappers.takeSnap(GenericWrappers.java:690)
	at utils.Reporter.reportStep(Reporter.java:20)
	at wrappers.GenericWrappers.takeSnap(GenericWrappers.java:690)
	at utils.Reporter.reportStep(Reporter.java:20)
	at wrappers.GenericWrappers.takeSnap(GenericWrappers.java:690)
	at utils.Reporter.reportStep(Reporter.java:20)
	at wrappers.GenericWrappers.takeSnap(GenericWrappers.java:690)
	at utils.Reporter.reportStep(Reporter.java:20)
	at wrappers.GenericWrappers.takeSnap(GenericWrappers.java:690)
	at utils.Reporter.reportStep(Reporter.java:20)
	at wrappers.GenericWrappers.takeSnap(GenericWrappers.java:690)
	at utils.Reporter.reportStep(Reporter.java:20)
	at wrappers.GenericWrappers.takeSnap(GenericWrappers.java:690)
	at utils.Reporter.reportStep(Reporter.java:20)
	at wrappers.GenericWrappers.takeSnap(GenericWrappers.java:690)
	at utils.Reporter.reportStep(Reporter.java:20)
	at wrappers.GenericWrappers.takeSnap(GenericWrappers.java:690)
	at utils.Reporter.reportStep(Reporter.java:20)
	at wrappers.GenericWrappers.takeSnap(GenericWrappers.java:690)
	at utils.Reporter.reportStep(Reporter.java:20)
	at wrappers.GenericWrappers.takeSnap(GenericWrappers.java:690)
	at utils.Reporter.reportStep(Reporter.java:20)
	at wrappers.GenericWrappers.takeSnap(GenericWrappers.java:690)
	at utils.Reporter.reportStep(Reporter.java:20)
	at wrappers.GenericWrappers.takeSnap(GenericWrappers.java:690)
	at utils.Reporter.reportStep(Reporter.java:20)
	at wrappers.GenericWrappers.takeSnap(GenericWrappers.java:690)
	at utils.Reporter.reportStep(Reporter.java:20)
	at wrappers.GenericWrappers.takeSnap(GenericWrappers.java:690)
	at utils.Reporter.reportStep(Reporter.java:20)
	at wrappers.GenericWrappers.takeSnap(GenericWrappers.java:690)
	at utils.Reporter.reportStep(Reporter.java:20)
	at wrappers.GenericWrappers.takeSnap(GenericWrappers.java:690)
	at utils.Reporter.reportStep(Reporter.java:20)
	at wrappers.GenericWrappers.takeSnap(GenericWrappers.java:690)
	at utils.Reporter.reportStep(Reporter.java:20)
	at wrappers.GenericWrappers.takeSnap(GenericWrappers.java:690)
	at utils.Reporter.reportStep(Reporter.java:20)
	at wrappers.GenericWrappers.takeSnap(GenericWrappers.java:690)
	at utils.Reporter.reportStep(Reporter.java:20)
	at wrappers.GenericWrappers.takeSnap(GenericWrappers.java:690)
	at utils.Reporter.reportStep(Reporter.java:20)
	at wrappers.GenericWrappers.takeSnap(GenericWrappers.java:690)
	at utils.Reporter.reportStep(Reporter.java:20)
	at wrappers.GenericWrappers.takeSnap(GenericWrappers.java:690)
	at utils.Reporter.reportStep(Reporter.java:20)
	at wrappers.GenericWrappers.takeSnap(GenericWrappers.java:690)
	at utils.Reporter.reportStep(Reporter.java:20)
	at wrappers.GenericWrappers.takeSnap(GenericWrappers.java:690)
	at utils.Reporter.reportStep(Reporter.java:20)
	at wrappers.GenericWrappers.takeSnap(GenericWrappers.java:690)
	at utils.Reporter.reportStep(Reporter.java:20)
	at wrappers.GenericWrappers.takeSnap(GenericWrappers.java:690)
	at utils.Reporter.reportStep(Reporter.java:20)
	at wrappers.GenericWrappers.takeSnap(GenericWrappers.java:690)
	at utils.Reporter.reportStep(Reporter.java:20)
	at wrappers.GenericWrappers.takeSnap(GenericWrappers.java:690)
	at utils.Reporter.reportStep(Reporter.java:20)
	at wrappers.GenericWrappers.takeSnap(GenericWrappers.java:690)
	at utils.Reporter.reportStep(Reporter.java:20)
	at wrappers.GenericWrappers.takeSnap(GenericWrappers.java:690)
	at utils.Reporter.reportStep(Reporter.java:20)
	at wrappers.GenericWrappers.takeSnap(GenericWrappers.java:690)
	at utils.Reporter.reportStep(Reporter.java:20)
	at wrappers.GenericWrappers.takeSnap(GenericWrappers.java:690)
	at utils.Reporter.reportStep(Reporter.java:20)
	at wrappers.GenericWrappers.takeSnap(GenericWrappers.java:690)
	at utils.Reporter.reportStep(Reporter.java:20)
	at wrappers.GenericWrappers.takeSnap(GenericWrappers.java:690)
	at utils.Reporter.reportStep(Reporter.java:20)
	at wrappers.GenericWrappers.takeSnap(GenericWrappers.java:690)
	at utils.Reporter.reportStep(Reporter.java:20)
	at wrappers.GenericWrappers.takeSnap(GenericWrappers.java:690)
	at utils.Reporter.reportStep(Reporter.java:20)
	at wrappers.GenericWrappers.takeSnap(GenericWrappers.java:690)
	at utils.Reporter.reportStep(Reporter.java:20)
	at wrappers.GenericWrappers.takeSnap(GenericWrappers.java:690)
	at utils.Reporter.reportStep(Reporter.java:20)
	at wrappers.GenericWrappers.takeSnap(GenericWrappers.java:690)
	at utils.Reporter.reportStep(Reporter.java:20)
	at wrappers.GenericWrappers.takeSnap(GenericWrappers.java:690)
	at utils.Reporter.reportStep(Reporter.java:20)
	at wrappers.GenericWrappers.takeSnap(GenericWrappers.java:690)
	at utils.Reporter.reportStep(Reporter.java:20)
	at wrappers.GenericWrappers.takeSnap(GenericWrappers.java:690)
	at utils.Reporter.reportStep(Reporter.java:20)
	at wrappers.GenericWrappers.takeSnap(GenericWrappers.java:690)
	at utils.Reporter.reportStep(Reporter.java:20)
	at wrappers.GenericWrappers.takeSnap(GenericWrappers.java:690)
	at utils.Reporter.reportStep(Reporter.java:20)
	at wrappers.GenericWrappers.takeSnap(GenericWrappers.java:690)
	at utils.Reporter.reportStep(Reporter.java:20)
	at wrappers.GenericWrappers.takeSnap(GenericWrappers.java:690)
	at utils.Reporter.reportStep(Reporter.java:20)
	at wrappers.GenericWrappers.takeSnap(GenericWrappers.java:690)
	at utils.Reporter.reportStep(Reporter.java:20)
	at wrappers.GenericWrappers.takeSnap(GenericWrappers.java:690)
	at utils.Reporter.reportStep(Reporter.java:20)
	at wrappers.GenericWrappers.takeSnap(GenericWrappers.java:690)
	at utils.Reporter.reportStep(Reporter.java:20)
	at wrappers.GenericWrappers.takeSnap(GenericWrappers.java:690)
	at utils.Reporter.reportStep(Reporter.java:20)
	at wrappers.GenericWrappers.takeSnap(GenericWrappers.java:690)
	at utils.Reporter.reportStep(Reporter.java:20)
	at wrappers.GenericWrappers.takeSnap(GenericWrappers.java:690)
	at utils.Reporter.reportStep(Reporter.java:20)
	at wrappers.GenericWrappers.takeSnap(GenericWrappers.java:690)
	at utils.Reporter.reportStep(Reporter.java:20)
	at wrappers.GenericWrappers.takeSnap(GenericWrappers.java:690)
	at utils.Reporter.reportStep(Reporter.java:20)
	at wrappers.GenericWrappers.takeSnap(GenericWrappers.java:690)
	at utils.Reporter.reportStep(Reporter.java:20)
	at wrappers.GenericWrappers.takeSnap(GenericWrappers.java:690)
	at utils.Reporter.reportStep(Reporter.java:20)
	at wrappers.GenericWrappers.takeSnap(GenericWrappers.java:690)
	at utils.Reporter.reportStep(Reporter.java:20)
	at wrappers.GenericWrappers.takeSnap(GenericWrappers.java:690)
	at utils.Reporter.reportStep(Reporter.java:20)
	at wrappers.GenericWrappers.takeSnap(GenericWrappers.java:690)
	at utils.Reporter.reportStep(Reporter.java:20)
	at wrappers.GenericWrappers.takeSnap(GenericWrappers.java:690)
	at utils.Reporter.reportStep(Reporter.java:20)
	at wrappers.GenericWrappers.takeSnap(GenericWrappers.java:690)
	at utils.Reporter.reportStep(Reporter.java:20)
	at wrappers.GenericWrappers.takeSnap(GenericWrappers.java:690)
	at utils.Reporter.reportStep(Reporter.java:20)
	at wrappers.GenericWrappers.takeSnap(GenericWrappers.java:690)
	at utils.Reporter.reportStep(Reporter.java:20)
	at wrappers.GenericWrappers.takeSnap(GenericWrappers.java:690)
	at utils.Reporter.reportStep(Reporter.java:20)
	at wrappers.GenericWrappers.takeSnap(GenericWrappers.java:690)
	at utils.Reporter.reportStep(Reporter.java:20)
	at wrappers.GenericWrappers.takeSnap(GenericWrappers.java:690)
	at utils.Reporter.reportStep(Reporter.java:20)
	at wrappers.GenericWrappers.takeSnap(GenericWrappers.java:690)
	at utils.Reporter.reportStep(Reporter.java:20)
	at wrappers.GenericWrappers.takeSnap(GenericWrappers.java:690)
	at utils.Reporter.reportStep(Reporter.java:20)
	at wrappers.GenericWrappers.takeSnap(GenericWrappers.java:690)
	at utils.Reporter.reportStep(Reporter.java:20)
	at wrappers.GenericWrappers.takeSnap(GenericWrappers.java:690)
	at utils.Reporter.reportStep(Reporter.java:20)
	at wrappers.GenericWrappers.takeSnap(GenericWrappers.java:690)
	at utils.Reporter.reportStep(Reporter.java:20)
	at wrappers.GenericWrappers.takeSnap(GenericWrappers.java:690)
	at utils.Reporter.reportStep(Reporter.java:20)
	at wrappers.GenericWrappers.takeSnap(GenericWrappers.java:690)
	at utils.Reporter.reportStep(Reporter.java:20)
	at wrappers.GenericWrappers.takeSnap(GenericWrappers.java:690)
	at utils.Reporter.reportStep(Reporter.java:20)
	at wrappers.GenericWrappers.takeSnap(GenericWrappers.java:690)
	at utils.Reporter.reportStep(Reporter.java:20)
	at wrappers.GenericWrappers.takeSnap(GenericWrappers.java:690)
	at utils.Reporter.reportStep(Reporter.java:20)
	at wrappers.GenericWrappers.takeSnap(GenericWrappers.java:690)
	at utils.Reporter.reportStep(Reporter.java:20)
	at wrappers.GenericWrappers.takeSnap(GenericWrappers.java:690)
	at utils.Reporter.reportStep(Reporter.java:20)
	at wrappers.GenericWrappers.takeSnap(GenericWrappers.java:690)
	at utils.Reporter.reportStep(Reporter.java:20)
	at wrappers.GenericWrappers.takeSnap(GenericWrappers.java:690)
	at utils.Reporter.reportStep(Reporter.java:20)
	at wrappers.GenericWrappers.takeSnap(GenericWrappers.java:690)
	at utils.Reporter.reportStep(Reporter.java:20)
	at wrappers.GenericWrappers.takeSnap(GenericWrappers.java:690)
	at utils.Reporter.reportStep(Reporter.java:20)
	at wrappers.GenericWrappers.takeSnap(GenericWrappers.java:690)
	at utils.Reporter.reportStep(Reporter.java:20)
	at wrappers.GenericWrappers.takeSnap(GenericWrappers.java:690)
	at utils.Reporter.reportStep(Reporter.java:20)
	at wrappers.GenericWrappers.takeSnap(GenericWrappers.java:690)
	at utils.Reporter.reportStep(Reporter.java:20)
	at wrappers.GenericWrappers.takeSnap(GenericWrappers.java:690)
	at utils.Reporter.reportStep(Reporter.java:20)
	at wrappers.GenericWrappers.takeSnap(GenericWrappers.java:690)
	at utils.Reporter.reportStep(Reporter.java:20)
	at wrappers.GenericWrappers.takeSnap(GenericWrappers.java:690)
	at utils.Reporter.reportStep(Reporter.java:20)
	at wrappers.GenericWrappers.takeSnap(GenericWrappers.java:690)
	at utils.Reporter.reportStep(Reporter.java:20)
	at wrappers.GenericWrappers.takeSnap(GenericWrappers.java:690)
	at utils.Reporter.reportStep(Reporter.java:20)
	at wrappers.GenericWrappers.takeSnap(GenericWrappers.java:690)
	at utils.Reporter.reportStep(Reporter.java:20)
	at wrappers.GenericWrappers.takeSnap(GenericWrappers.java:690)
	at utils.Reporter.reportStep(Reporter.java:20)
	at wrappers.GenericWrappers.takeSnap(GenericWrappers.java:690)
	at utils.Reporter.reportStep(Reporter.java:20)
	at wrappers.GenericWrappers.takeSnap(GenericWrappers.java:690)
	at utils.Reporter.reportStep(Reporter.java:20)
	at wrappers.GenericWrappers.takeSnap(GenericWrappers.java:690)
	at utils.Reporter.reportStep(Reporter.java:20)
	at wrappers.GenericWrappers.takeSnap(GenericWrappers.java:690)
	at utils.Reporter.reportStep(Reporter.java:20)
	at wrappers.GenericWrappers.takeSnap(GenericWrappers.java:690)
	at utils.Reporter.reportStep(Reporter.java:20)
	at wrappers.GenericWrappers.takeSnap(GenericWrappers.java:690)
	at utils.Reporter.reportStep(Reporter.java:20)
	at wrappers.GenericWrappers.takeSnap(GenericWrappers.java:690)
	at utils.Reporter.reportStep(Reporter.java:20)
	at wrappers.GenericWrappers.takeSnap(GenericWrappers.java:690)
	at utils.Reporter.reportStep(Reporter.java:20)
	at wrappers.GenericWrappers.takeSnap(GenericWrappers.java:690)
	at utils.Reporter.reportStep(Reporter.java:20)
	at wrappers.GenericWrappers.takeSnap(GenericWrappers.java:690)
	at utils.Reporter.reportStep(Reporter.java:20)
	at wrappers.GenericWrappers.takeSnap(GenericWrappers.java:690)
	at utils.Reporter.reportStep(Reporter.java:20)
	at wrappers.GenericWrappers.takeSnap(GenericWrappers.java:690)
	at utils.Reporter.reportStep(Reporter.java:20)
	at wrappers.GenericWrappers.takeSnap(GenericWrappers.java:690)
	at utils.Reporter.reportStep(Reporter.java:20)
	at wrappers.GenericWrappers.takeSnap(GenericWrappers.java:690)
	at utils.Reporter.reportStep(Reporter.java:20)
	at wrappers.GenericWrappers.takeSnap(GenericWrappers.java:690)
	at utils.Reporter.reportStep(Reporter.java:20)
	at wrappers.GenericWrappers.takeSnap(GenericWrappers.java:690)
	at utils.Reporter.reportStep(Reporter.java:20)
	at wrappers.GenericWrappers.takeSnap(GenericWrappers.java:690)
	at utils.Reporter.reportStep(Reporter.java:20)
	at wrappers.GenericWrappers.takeSnap(GenericWrappers.java:690)
	at utils.Reporter.reportStep(Reporter.java:20)
	at wrappers.GenericWrappers.takeSnap(GenericWrappers.java:690)
	at utils.Reporter.reportStep(Reporter.java:20)
	at wrappers.GenericWrappers.takeSnap(GenericWrappers.java:690)
	at utils.Reporter.reportStep(Reporter.java:20)
	at wrappers.GenericWrappers.takeSnap(GenericWrappers.java:690)
	at utils.Reporter.reportStep(Reporter.java:20)
	at wrappers.GenericWrappers.takeSnap(GenericWrappers.java:690)
	at utils.Reporter.reportStep(Reporter.java:20)
	at wrappers.GenericWrappers.takeSnap(GenericWrappers.java:690)
	at utils.Reporter.reportStep(Reporter.java:20)
	at wrappers.GenericWrappers.takeSnap(GenericWrappers.java:690)
	at utils.Reporter.reportStep(Reporter.java:20)
	at wrappers.GenericWrappers.takeSnap(GenericWrappers.java:690)
	at utils.Reporter.reportStep(Reporter.java:20)
	at wrappers.GenericWrappers.takeSnap(GenericWrappers.java:690)
	at utils.Reporter.reportStep(Reporter.java:20)
	at wrappers.GenericWrappers.takeSnap(GenericWrappers.java:690)
	at utils.Reporter.reportStep(Reporter.java:20)
	at wrappers.GenericWrappers.takeSnap(GenericWrappers.java:690)
	at utils.Reporter.reportStep(Reporter.java:20)
	at wrappers.GenericWrappers.takeSnap(GenericWrappers.java:690)
	at utils.Reporter.reportStep(Reporter.java:20)
	at wrappers.GenericWrappers.takeSnap(GenericWrappers.java:690)
	at utils.Reporter.reportStep(Reporter.java:20)
	at wrappers.GenericWrappers.takeSnap(GenericWrappers.java:690)
	at utils.Reporter.reportStep(Reporter.java:20)
	at wrappers.GenericWrappers.takeSnap(GenericWrappers.java:690)
	at utils.Reporter.reportStep(Reporter.java:20)
	at wrappers.GenericWrappers.takeSnap(GenericWrappers.java:690)
	at utils.Reporter.reportStep(Reporter.java:20)
	at wrappers.GenericWrappers.takeSnap(GenericWrappers.java:690)
	at utils.Reporter.reportStep(Reporter.java:20)
	at wrappers.GenericWrappers.takeSnap(GenericWrappers.java:690)
	at utils.Reporter.reportStep(Reporter.java:20)
	at wrappers.GenericWrappers.takeSnap(GenericWrappers.java:690)
	at utils.Reporter.reportStep(Reporter.java:20)
	at wrappers.GenericWrappers.takeSnap(GenericWrappers.java:690)
	at utils.Reporter.reportStep(Reporter.java:20)
	at wrappers.GenericWrappers.takeSnap(GenericWrappers.java:690)
	at utils.Reporter.reportStep(Reporter.java:20)
	at wrappers.GenericWrappers.takeSnap(GenericWrappers.java:690)
	at utils.Reporter.reportStep(Reporter.java:20)
	at wrappers.GenericWrappers.takeSnap(GenericWrappers.java:690)
	at utils.Reporter.reportStep(Reporter.java:20)
	at wrappers.GenericWrappers.takeSnap(GenericWrappers.java:690)
	at utils.Reporter.reportStep(Reporter.java:20)
	at wrappers.GenericWrappers.takeSnap(GenericWrappers.java:690)
	at utils.Reporter.reportStep(Reporter.java:20)
	at wrappers.GenericWrappers.takeSnap(GenericWrappers.java:690)
	at utils.Reporter.reportStep(Reporter.java:20)
	at wrappers.GenericWrappers.takeSnap(GenericWrappers.java:690)
	at utils.Reporter.reportStep(Reporter.java:20)
	at wrappers.GenericWrappers.takeSnap(GenericWrappers.java:690)
	at utils.Reporter.reportStep(Reporter.java:20)
	at wrappers.GenericWrappers.takeSnap(GenericWrappers.java:690)
	at utils.Reporter.reportStep(Reporter.java:20)
	at wrappers.GenericWrappers.takeSnap(GenericWrappers.java:690)
	at utils.Reporter.reportStep(Reporter.java:20)
	at wrappers.GenericWrappers.takeSnap(GenericWrappers.java:690)
	at utils.Reporter.reportStep(Reporter.java:20)
	at wrappers.GenericWrappers.takeSnap(GenericWrappers.java:690)
	at utils.Reporter.reportStep(Reporter.java:20)
	at wrappers.GenericWrappers.takeSnap(GenericWrappers.java:690)
	at utils.Reporter.reportStep(Reporter.java:20)
	at wrappers.GenericWrappers.takeSnap(GenericWrappers.java:690)
	at utils.Reporter.reportStep(Reporter.java:20)
	at wrappers.GenericWrappers.takeSnap(GenericWrappers.java:690)
	at utils.Reporter.reportStep(Reporter.java:20)
	at wrappers.GenericWrappers.takeSnap(GenericWrappers.java:690)
	at utils.Reporter.reportStep(Reporter.java:20)
	at wrappers.GenericWrappers.takeSnap(GenericWrappers.java:690)
	at utils.Reporter.reportStep(Reporter.java:20)
	at wrappers.GenericWrappers.takeSnap(GenericWrappers.java:690)
	at utils.Reporter.reportStep(Reporter.java:20)
	at wrappers.GenericWrappers.takeSnap(GenericWrappers.java:690)
	at utils.Reporter.reportStep(Reporter.java:20)
	at wrappers.GenericWrappers.takeSnap(GenericWrappers.java:690)
	at utils.Reporter.reportStep(Reporter.java:20)
	at wrappers.GenericWrappers.takeSnap(GenericWrappers.java:690)
	at utils.Reporter.reportStep(Reporter.java:20)
	at wrappers.GenericWrappers.takeSnap(GenericWrappers.java:690)
	at utils.Reporter.reportStep(Reporter.java:20)
	at wrappers.GenericWrappers.takeSnap(GenericWrappers.java:690)
	at utils.Reporter.reportStep(Reporter.java:20)
	at wrappers.GenericWrappers.takeSnap(GenericWrappers.java:690)
	at utils.Reporter.reportStep(Reporter.java:20)
	at wrappers.GenericWrappers.takeSnap(GenericWrappers.java:690)
	at utils.Reporter.reportStep(Reporter.java:20)
	at wrappers.GenericWrappers.takeSnap(GenericWrappers.java:690)
	at utils.Reporter.reportStep(Reporter.java:20)
	at wrappers.GenericWrappers.takeSnap(GenericWrappers.java:690)
	at utils.Reporter.reportStep(Reporter.java:20)
	at wrappers.GenericWrappers.takeSnap(GenericWrappers.java:690)
	at utils.Reporter.reportStep(Reporter.java:20)
	at wrappers.GenericWrappers.takeSnap(GenericWrappers.java:690)
	at utils.Reporter.reportStep(Reporter.java:20)
	at wrappers.GenericWrappers.takeSnap(GenericWrappers.java:690)
	at utils.Reporter.reportStep(Reporter.java:20)
	at wrappers.GenericWrappers.takeSnap(GenericWrappers.java:690)
	at utils.Reporter.reportStep(Reporter.java:20)
	at wrappers.GenericWrappers.takeSnap(GenericWrappers.java:690)
	at utils.Reporter.reportStep(Reporter.java:20)
	at wrappers.GenericWrappers.takeSnap(GenericWrappers.java:690)
	at utils.Reporter.reportStep(Reporter.java:20)
	at wrappers.GenericWrappers.takeSnap(GenericWrappers.java:690)
	at utils.Reporter.reportStep(Reporter.java:20)
	at wrappers.GenericWrappers.takeSnap(GenericWrappers.java:690)
	at utils.Reporter.reportStep(Reporter.java:20)
	at wrappers.GenericWrappers.takeSnap(GenericWrappers.java:690)
	at utils.Reporter.reportStep(Reporter.java:20)
	at wrappers.GenericWrappers.takeSnap(GenericWrappers.java:690)
	at utils.Reporter.reportStep(Reporter.java:20)
	at wrappers.GenericWrappers.takeSnap(GenericWrappers.java:690)
	at utils.Reporter.reportStep(Reporter.java:20)
	at wrappers.GenericWrappers.takeSnap(GenericWrappers.java:690)
	at utils.Reporter.reportStep(Reporter.java:20)
	at wrappers.GenericWrappers.takeSnap(GenericWrappers.java:690)
	at utils.Reporter.reportStep(Reporter.java:20)
	at wrappers.GenericWrappers.takeSnap(GenericWrappers.java:690)
	at utils.Reporter.reportStep(Reporter.java:20)
	at wrappers.GenericWrappers.takeSnap(GenericWrappers.java:690)
	at utils.Reporter.reportStep(Reporter.java:20)
	at wrappers.GenericWrappers.takeSnap(GenericWrappers.java:690)
	at utils.Reporter.reportStep(Reporter.java:20)
	at wrappers.GenericWrappers.takeSnap(GenericWrappers.java:690)
	at utils.Reporter.reportStep(Reporter.java:20)
	at wrappers.GenericWrappers.takeSnap(GenericWrappers.java:690)
	at utils.Reporter.reportStep(Reporter.java:20)
	at wrappers.GenericWrappers.takeSnap(GenericWrappers.java:690)
	at utils.Reporter.reportStep(Reporter.java:20)
	at wrappers.GenericWrappers.takeSnap(GenericWrappers.java:690)
	at utils.Reporter.reportStep(Reporter.java:20)
	at wrappers.GenericWrappers.takeSnap(GenericWrappers.java:690)
	at utils.Reporter.reportStep(Reporter.java:20)
	at wrappers.GenericWrappers.takeSnap(GenericWrappers.java:690)
	at utils.Reporter.reportStep(Reporter.java:20)
	at wrappers.GenericWrappers.takeSnap(GenericWrappers.java:690)
	at utils.Reporter.reportStep(Reporter.java:20)
	at wrappers.GenericWrappers.takeSnap(GenericWrappers.java:690)
	at utils.Reporter.reportStep(Reporter.java:20)
	at wrappers.GenericWrappers.takeSnap(GenericWrappers.java:690)
	at utils.Reporter.reportStep(Reporter.java:20)
	at wrappers.GenericWrappers.takeSnap(GenericWrappers.java:690)
	at utils.Reporter.reportStep(Reporter.java:20)
	at wrappers.GenericWrappers.takeSnap(GenericWrappers.java:690)
	at utils.Reporter.reportStep(Reporter.java:20)
	at wrappers.GenericWrappers.takeSnap(GenericWrappers.java:690)
	at utils.Reporter.reportStep(Reporter.java:20)
	at wrappers.GenericWrappers.takeSnap(GenericWrappers.java:690)
	at utils.Reporter.reportStep(Reporter.java:20)
	at wrappers.GenericWrappers.takeSnap(GenericWrappers.java:690)
	at utils.Reporter.reportStep(Reporter.java:20)
	at wrappers.GenericWrappers.takeSnap(GenericWrappers.java:690)
	at utils.Reporter.reportStep(Reporter.java:20)
	at wrappers.GenericWrappers.takeSnap(GenericWrappers.java:690)
	at utils.Reporter.reportStep(Reporter.java:20)
	at wrappers.GenericWrappers.takeSnap(GenericWrappers.java:690)
	at utils.Reporter.reportStep(Reporter.java:20)
	at wrappers.GenericWrappers.takeSnap(GenericWrappers.java:690)
	at utils.Reporter.reportStep(Reporter.java:20)
	at wrappers.GenericWrappers.takeSnap(GenericWrappers.java:690)
	at utils.Reporter.reportStep(Reporter.java:20)
	at wrappers.GenericWrappers.takeSnap(GenericWrappers.java:690)
	at utils.Reporter.reportStep(Reporter.java:20)
	at wrappers.GenericWrappers.takeSnap(GenericWrappers.java:690)
	at utils.Reporter.reportStep(Reporter.java:20)
	at wrappers.GenericWrappers.takeSnap(GenericWrappers.java:690)
	at utils.Reporter.reportStep(Reporter.java:20)
	at wrappers.GenericWrappers.takeSnap(GenericWrappers.java:690)
	at utils.Reporter.reportStep(Reporter.java:20)
	at wrappers.GenericWrappers.takeSnap(GenericWrappers.java:690)
	at utils.Reporter.reportStep(Reporter.java:20)
	at wrappers.GenericWrappers.takeSnap(GenericWrappers.java:690)
	at utils.Reporter.reportStep(Reporter.java:20)
	at wrappers.GenericWrappers.takeSnap(GenericWrappers.java:690)
	at utils.Reporter.reportStep(Reporter.java:20)
	at wrappers.GenericWrappers.takeSnap(GenericWrappers.java:690)
	at utils.Reporter.reportStep(Reporter.java:20)
	at wrappers.GenericWrappers.takeSnap(GenericWrappers.java:690)
	at utils.Reporter.reportStep(Reporter.java:20)
	at wrappers.GenericWrappers.takeSnap(GenericWrappers.java:690)
	at utils.Reporter.reportStep(Reporter.java:20)
	at wrappers.GenericWrappers.takeSnap(GenericWrappers.java:690)
	at utils.Reporter.reportStep(Reporter.java:20)
	at wrappers.GenericWrappers.takeSnap(GenericWrappers.java:690)
	at utils.Reporter.reportStep(Reporter.java:20)
	at wrappers.GenericWrappers.takeSnap(GenericWrappers.java:690)
	at utils.Reporter.reportStep(Reporter.java:20)
	at wrappers.GenericWrappers.takeSnap(GenericWrappers.java:690)
	at utils.Reporter.reportStep(Reporter.java:20)
	at wrappers.GenericWrappers.takeSnap(GenericWrappers.java:690)
	at utils.Reporter.reportStep(Reporter.java:20)
	at wrappers.GenericWrappers.takeSnap(GenericWrappers.java:690)
	at utils.Reporter.reportStep(Reporter.java:20)
	at wrappers.GenericWrappers.takeSnap(GenericWrappers.java:690)
	at utils.Reporter.reportStep(Reporter.java:20)
	at wrappers.GenericWrappers.takeSnap(GenericWrappers.java:690)
	at utils.Reporter.reportStep(Reporter.java:20)
	at wrappers.GenericWrappers.takeSnap(GenericWrappers.java:690)
	at utils.Reporter.reportStep(Reporter.java:20)
	at wrappers.GenericWrappers.takeSnap(GenericWrappers.java:690)
	at utils.Reporter.reportStep(Reporter.java:20)
	at wrappers.GenericWrappers.takeSnap(GenericWrappers.java:690)
	at utils.Reporter.reportStep(Reporter.java:20)
	at wrappers.GenericWrappers.takeSnap(GenericWrappers.java:690)
	at utils.Reporter.reportStep(Reporter.java:20)
	at wrappers.GenericWrappers.takeSnap(GenericWrappers.java:690)
	at utils.Reporter.reportStep(Reporter.java:20)
	at wrappers.GenericWrappers.takeSnap(GenericWrappers.java:690)
	at utils.Reporter.reportStep(Reporter.java:20)
	at wrappers.GenericWrappers.takeSnap(GenericWrappers.java:690)
	at utils.Reporter.reportStep(Reporter.java:20)
	at wrappers.GenericWrappers.takeSnap(GenericWrappers.java:690)
	at utils.Reporter.reportStep(Reporter.java:20)
	at wrappers.GenericWrappers.takeSnap(GenericWrappers.java:690)
	at utils.Reporter.reportStep(Reporter.java:20)
	at wrappers.GenericWrappers.takeSnap(GenericWrappers.java:690)
	at utils.Reporter.reportStep(Reporter.java:20)
	at wrappers.GenericWrappers.takeSnap(GenericWrappers.java:690)
	at utils.Reporter.reportStep(Reporter.java:20)
	at wrappers.GenericWrappers.takeSnap(GenericWrappers.java:690)
	at utils.Reporter.reportStep(Reporter.java:20)
	at wrappers.GenericWrappers.takeSnap(GenericWrappers.java:690)
	at utils.Reporter.reportStep(Reporter.java:20)
	at wrappers.GenericWrappers.takeSnap(GenericWrappers.java:690)
	at utils.Reporter.reportStep(Reporter.java:20)
	at wrappers.GenericWrappers.takeSnap(GenericWrappers.java:690)
	at utils.Reporter.reportStep(Reporter.java:20)
	at wrappers.GenericWrappers.takeSnap(GenericWrappers.java:690)
	at utils.Reporter.reportStep(Reporter.java:20)
	at wrappers.GenericWrappers.takeSnap(GenericWrappers.java:690)
	at utils.Reporter.reportStep(Reporter.java:20)
	at wrappers.GenericWrappers.takeSnap(GenericWrappers.java:690)
	at utils.Reporter.reportStep(Reporter.java:20)
	at wrappers.GenericWrappers.takeSnap(GenericWrappers.java:690)
	at utils.Reporter.reportStep(Reporter.java:20)
	at wrappers.GenericWrappers.takeSnap(GenericWrappers.java:690)
	at utils.Reporter.reportStep(Reporter.java:20)
	at wrappers.GenericWrappers.takeSnap(GenericWrappers.java:690)
	at utils.Reporter.reportStep(Reporter.java:20)
	at wrappers.GenericWrappers.takeSnap(GenericWrappers.java:690)
	at utils.Reporter.reportStep(Reporter.java:20)
	at wrappers.GenericWrappers.takeSnap(GenericWrappers.java:690)
	at utils.Reporter.reportStep(Reporter.java:20)
	at wrappers.GenericWrappers.takeSnap(GenericWrappers.java:690)
	at utils.Reporter.reportStep(Reporter.java:20)
	at wrappers.GenericWrappers.takeSnap(GenericWrappers.java:690)
	at utils.Reporter.reportStep(Reporter.java:20)
	at wrappers.GenericWrappers.takeSnap(GenericWrappers.java:690)
	at utils.Reporter.reportStep(Reporter.java:20)
	at wrappers.GenericWrappers.takeSnap(GenericWrappers.java:690)
	at utils.Reporter.reportStep(Reporter.java:20)
	at wrappers.GenericWrappers.takeSnap(GenericWrappers.java:690)
	at utils.Reporter.reportStep(Reporter.java:20)
	at wrappers.GenericWrappers.takeSnap(GenericWrappers.java:690)
	at utils.Reporter.reportStep(Reporter.java:20)
	at wrappers.GenericWrappers.takeSnap(GenericWrappers.java:690)
	at utils.Reporter.reportStep(Reporter.java:20)
	at wrappers.GenericWrappers.takeSnap(GenericWrappers.java:690)
	at utils.Reporter.reportStep(Reporter.java:20)
	at wrappers.GenericWrappers.takeSnap(GenericWrappers.java:690)
	at utils.Reporter.reportStep(Reporter.java:20)
	at wrappers.GenericWrappers.takeSnap(GenericWrappers.java:690)
	at utils.Reporter.reportStep(Reporter.java:20)
	at wrappers.GenericWrappers.takeSnap(GenericWrappers.java:690)
	at utils.Reporter.reportStep(Reporter.java:20)
	at wrappers.GenericWrappers.takeSnap(GenericWrappers.java:690)
	at utils.Reporter.reportStep(Reporter.java:20)
	at wrappers.GenericWrappers.takeSnap(GenericWrappers.java:690)
	at utils.Reporter.reportStep(Reporter.java:20)
	at wrappers.GenericWrappers.takeSnap(GenericWrappers.java:690)
	at utils.Reporter.reportStep(Reporter.java:20)
	at wrappers.GenericWrappers.takeSnap(GenericWrappers.java:690)
	at utils.Reporter.reportStep(Reporter.java:20)
	at wrappers.GenericWrappers.takeSnap(GenericWrappers.java:690)
	at utils.Reporter.reportStep(Reporter.java:20)
	at wrappers.GenericWrappers.takeSnap(GenericWrappers.java:690)
	at utils.Reporter.reportStep(Reporter.java:20)
	at wrappers.GenericWrappers.takeSnap(GenericWrappers.java:690)
	at utils.Reporter.reportStep(Reporter.java:20)
	at wrappers.GenericWrappers.takeSnap(GenericWrappers.java:690)
	at utils.Reporter.reportStep(Reporter.java:20)
	at wrappers.GenericWrappers.takeSnap(GenericWrappers.java:690)
	at utils.Reporter.reportStep(Reporter.java:20)
	at wrappers.GenericWrappers.takeSnap(GenericWrappers.java:690)
	at utils.Reporter.reportStep(Reporter.java:20)
	at wrappers.GenericWrappers.takeSnap(GenericWrappers.java:690)
	at utils.Reporter.reportStep(Reporter.java:20)
	at wrappers.GenericWrappers.takeSnap(GenericWrappers.java:690)
	at utils.Reporter.reportStep(Reporter.java:20)
	at wrappers.GenericWrappers.takeSnap(GenericWrappers.java:690)
	at utils.Reporter.reportStep(Reporter.java:20)
	at wrappers.GenericWrappers.takeSnap(GenericWrappers.java:690)
	at utils.Reporter.reportStep(Reporter.java:20)
	at wrappers.GenericWrappers.takeSnap(GenericWrappers.java:690)
	at utils.Reporter.reportStep(Reporter.java:20)
	at wrappers.GenericWrappers.takeSnap(GenericWrappers.java:690)
	at utils.Reporter.reportStep(Reporter.java:20)
	at wrappers.GenericWrappers.takeSnap(GenericWrappers.java:690)
	at utils.Reporter.reportStep(Reporter.java:20)
	at wrappers.GenericWrappers.takeSnap(GenericWrappers.java:690)
	at utils.Reporter.reportStep(Reporter.java:20)
	at wrappers.GenericWrappers.takeSnap(GenericWrappers.java:690)
	at utils.Reporter.reportStep(Reporter.java:20)
	at wrappers.GenericWrappers.takeSnap(GenericWrappers.java:690)
	at utils.Reporter.reportStep(Reporter.java:20)
	at wrappers.GenericWrappers.takeSnap(GenericWrappers.java:690)
	at utils.Reporter.reportStep(Reporter.java:20)
	at wrappers.GenericWrappers.takeSnap(GenericWrappers.java:690)
	at utils.Reporter.reportStep(Reporter.java:20)
	at wrappers.GenericWrappers.takeSnap(GenericWrappers.java:690)
	at utils.Reporter.reportStep(Reporter.java:20)
	at wrappers.GenericWrappers.takeSnap(GenericWrappers.java:690)
	at utils.Reporter.reportStep(Reporter.java:20)
	at wrappers.GenericWrappers.takeSnap(GenericWrappers.java:690)
	at utils.Reporter.reportStep(Reporter.java:20)
	at wrappers.GenericWrappers.takeSnap(GenericWrappers.java:690)
	at utils.Reporter.reportStep(Reporter.java:20)
	at wrappers.GenericWrappers.takeSnap(GenericWrappers.java:690)
	at utils.Reporter.reportStep(Reporter.java:20)
	at wrappers.GenericWrappers.takeSnap(GenericWrappers.java:690)
	at utils.Reporter.reportStep(Reporter.java:20)
	at wrappers.GenericWrappers.takeSnap(GenericWrappers.java:690)
	at utils.Reporter.reportStep(Reporter.java:20)
	at wrappers.GenericWrappers.takeSnap(GenericWrappers.java:690)
	at utils.Reporter.reportStep(Reporter.java:20)
	at wrappers.GenericWrappers.takeSnap(GenericWrappers.java:690)
	at utils.Reporter.reportStep(Reporter.java:20)
	at wrappers.GenericWrappers.takeSnap(GenericWrappers.java:690)
	at utils.Reporter.reportStep(Reporter.java:20)
	at wrappers.GenericWrappers.takeSnap(GenericWrappers.java:690)
	at utils.Reporter.reportStep(Reporter.java:20)
	at wrappers.GenericWrappers.takeSnap(GenericWrappers.java:690)
	at utils.Reporter.reportStep(Reporter.java:20)
	at wrappers.GenericWrappers.takeSnap(GenericWrappers.java:690)
	at utils.Reporter.reportStep(Reporter.java:20)
	at wrappers.GenericWrappers.takeSnap(GenericWrappers.java:690)
	at utils.Reporter.reportStep(Reporter.java:20)
	at wrappers.GenericWrappers.takeSnap(GenericWrappers.java:690)
	at utils.Reporter.reportStep(Reporter.java:20)
	at wrappers.GenericWrappers.takeSnap(GenericWrappers.java:690)
	at utils.Reporter.reportStep(Reporter.java:20)
	at wrappers.GenericWrappers.takeSnap(GenericWrappers.java:690)
	at utils.Reporter.reportStep(Reporter.java:20)
	at wrappers.GenericWrappers.takeSnap(GenericWrappers.java:690)
	at utils.Reporter.reportStep(Reporter.java:20)
	at wrappers.GenericWrappers.takeSnap(GenericWrappers.java:690)
	at utils.Reporter.reportStep(Reporter.java:20)
	at wrappers.GenericWrappers.takeSnap(GenericWrappers.java:690)
	at utils.Reporter.reportStep(Reporter.java:20)
	at wrappers.GenericWrappers.takeSnap(GenericWrappers.java:690)
	at utils.Reporter.reportStep(Reporter.java:20)
	at wrappers.GenericWrappers.takeSnap(GenericWrappers.java:690)
	at utils.Reporter.reportStep(Reporter.java:20)
	at wrappers.GenericWrappers.takeSnap(GenericWrappers.java:690)
	at utils.Reporter.reportStep(Reporter.java:20)
	at wrappers.GenericWrappers.takeSnap(GenericWrappers.java:690)
	at utils.Reporter.reportStep(Reporter.java:20)
	at wrappers.GenericWrappers.takeSnap(GenericWrappers.java:690)
	at utils.Reporter.reportStep(Reporter.java:20)
	at wrappers.GenericWrappers.takeSnap(GenericWrappers.java:690)
	at utils.Reporter.reportStep(Reporter.java:20)
	at wrappers.GenericWrappers.takeSnap(GenericWrappers.java:690)
	at utils.Reporter.reportStep(Reporter.java:20)
	at wrappers.GenericWrappers.takeSnap(GenericWrappers.java:690)
	at utils.Reporter.reportStep(Reporter.java:20)
	at wrappers.GenericWrappers.takeSnap(GenericWrappers.java:690)
	at utils.Reporter.reportStep(Reporter.java:20)
	at wrappers.GenericWrappers.takeSnap(GenericWrappers.java:690)
	at utils.Reporter.reportStep(Reporter.java:20)
	at wrappers.GenericWrappers.takeSnap(GenericWrappers.java:690)
	at utils.Reporter.reportStep(Reporter.java:20)
	at wrappers.GenericWrappers.takeSnap(GenericWrappers.java:690)
	at utils.Reporter.reportStep(Reporter.java:20)
	at wrappers.GenericWrappers.takeSnap(GenericWrappers.java:690)
	at utils.Reporter.reportStep(Reporter.java:20)
	at wrappers.GenericWrappers.takeSnap(GenericWrappers.java:690)
	at utils.Reporter.reportStep(Reporter.java:20)
	at wrappers.GenericWrappers.takeSnap(GenericWrappers.java:690)
	at utils.Reporter.reportStep(Reporter.java:20)
	at wrappers.GenericWrappers.takeSnap(GenericWrappers.java:690)
	at utils.Reporter.reportStep(Reporter.java:20)
	at wrappers.GenericWrappers.takeSnap(GenericWrappers.java:690)
	at utils.Reporter.reportStep(Reporter.java:20)
	at wrappers.GenericWrappers.takeSnap(GenericWrappers.java:690)
	at utils.Reporter.reportStep(Reporter.java:20)
	at wrappers.GenericWrappers.takeSnap(GenericWrappers.java:690)
	at utils.Reporter.reportStep(Reporter.java:20)
	at wrappers.GenericWrappers.takeSnap(GenericWrappers.java:690)
	at utils.Reporter.reportStep(Reporter.java:20)
	at wrappers.GenericWrappers.takeSnap(GenericWrappers.java:690)
	at utils.Reporter.reportStep(Reporter.java:20)
	at wrappers.GenericWrappers.takeSnap(GenericWrappers.java:690)
	at utils.Reporter.reportStep(Reporter.java:20)
	at wrappers.GenericWrappers.takeSnap(GenericWrappers.java:690)
	at utils.Reporter.reportStep(Reporter.java:20)
	at wrappers.GenericWrappers.takeSnap(GenericWrappers.java:690)
	at utils.Reporter.reportStep(Reporter.java:20)
	at wrappers.GenericWrappers.takeSnap(GenericWrappers.java:690)
	at utils.Reporter.reportStep(Reporter.java:20)
	at wrappers.GenericWrappers.takeSnap(GenericWrappers.java:690)
	at utils.Reporter.reportStep(Reporter.java:20)
	at wrappers.GenericWrappers.takeSnap(GenericWrappers.java:690)
	at utils.Reporter.reportStep(Reporter.java:20)
	at wrappers.GenericWrappers.takeSnap(GenericWrappers.java:690)
	at utils.Reporter.reportStep(Reporter.java:20)
	at wrappers.GenericWrappers.takeSnap(GenericWrappers.java:690)
	at utils.Reporter.reportStep(Reporter.java:20)
	at wrappers.GenericWrappers.takeSnap(GenericWrappers.java:690)
	at utils.Reporter.reportStep(Reporter.java:20)
	at wrappers.GenericWrappers.takeSnap(GenericWrappers.java:690)
	at utils.Reporter.reportStep(Reporter.java:20)
	at wrappers.GenericWrappers.takeSnap(GenericWrappers.java:690)
	at utils.Reporter.reportStep(Reporter.java:20)
	at wrappers.GenericWrappers.takeSnap(GenericWrappers.java:690)
	at utils.Reporter.reportStep(Reporter.java:20)
	at wrappers.GenericWrappers.takeSnap(GenericWrappers.java:690)
	at utils.Reporter.reportStep(Reporter.java:20)
	at wrappers.GenericWrappers.takeSnap(GenericWrappers.java:690)
	at utils.Reporter.reportStep(Reporter.java:20)
	at wrappers.GenericWrappers.takeSnap(GenericWrappers.java:690)
	at utils.Reporter.reportStep(Reporter.java:20)
	at wrappers.GenericWrappers.takeSnap(GenericWrappers.java:690)
	at utils.Reporter.reportStep(Reporter.java:20)
	at wrappers.GenericWrappers.takeSnap(GenericWrappers.java:690)
	at utils.Reporter.reportStep(Reporter.java:20)
	at wrappers.GenericWrappers.takeSnap(GenericWrappers.java:690)
	at utils.Reporter.reportStep(Reporter.java:20)
	at wrappers.GenericWrappers.takeSnap(GenericWrappers.java:690)
	at utils.Reporter.reportStep(Reporter.java:20)
	at wrappers.GenericWrappers.takeSnap(GenericWrappers.java:690)
	at utils.Reporter.reportStep(Reporter.java:20)
	at wrappers.GenericWrappers.takeSnap(GenericWrappers.java:690)
	at utils.Reporter.reportStep(Reporter.java:20)
	at wrappers.GenericWrappers.takeSnap(GenericWrappers.java:690)
	at utils.Reporter.reportStep(Reporter.java:20)
	at wrappers.GenericWrappers.takeSnap(GenericWrappers.java:690)
	at utils.Reporter.reportStep(Reporter.java:20)
	at wrappers.GenericWrappers.takeSnap(GenericWrappers.java:690)
	at utils.Reporter.reportStep(Reporter.java:20)
	at wrappers.GenericWrappers.takeSnap(GenericWrappers.java:690)
	at utils.Reporter.reportStep(Reporter.java:20)
	at wrappers.GenericWrappers.takeSnap(GenericWrappers.java:690)
	at utils.Reporter.reportStep(Reporter.java:20)
	at wrappers.GenericWrappers.takeSnap(GenericWrappers.java:690)
	at utils.Reporter.reportStep(Reporter.java:20)
	at wrappers.GenericWrappers.takeSnap(GenericWrappers.java:690)
	at utils.Reporter.reportStep(Reporter.java:20)
	at wrappers.GenericWrappers.takeSnap(GenericWrappers.java:690)
	at utils.Reporter.reportStep(Reporter.java:20)
	at wrappers.GenericWrappers.takeSnap(GenericWrappers.java:690)
	at utils.Reporter.reportStep(Reporter.java:20)
	at wrappers.GenericWrappers.takeSnap(GenericWrappers.java:690)
	at utils.Reporter.reportStep(Reporter.java:20)
	at wrappers.GenericWrappers.takeSnap(GenericWrappers.java:690)
	at utils.Reporter.reportStep(Reporter.java:20)
	at wrappers.GenericWrappers.takeSnap(GenericWrappers.java:690)
	at utils.Reporter.reportStep(Reporter.java:20)
	at wrappers.GenericWrappers.takeSnap(GenericWrappers.java:690)
	at utils.Reporter.reportStep(Reporter.java:20)
	at wrappers.GenericWrappers.takeSnap(GenericWrappers.java:690)
	at utils.Reporter.reportStep(Reporter.java:20)
	at wrappers.GenericWrappers.takeSnap(GenericWrappers.java:690)
	at utils.Reporter.reportStep(Reporter.java:20)
	at wrappers.GenericWrappers.takeSnap(GenericWrappers.java:690)
	at utils.Reporter.reportStep(Reporter.java:20)
	at wrappers.GenericWrappers.takeSnap(GenericWrappers.java:690)
	at utils.Reporter.reportStep(Reporter.java:20)
	at wrappers.GenericWrappers.takeSnap(GenericWrappers.java:690)
	at utils.Reporter.reportStep(Reporter.java:20)
	at wrappers.GenericWrappers.takeSnap(GenericWrappers.java:690)
	at utils.Reporter.reportStep(Reporter.java:20)
	at wrappers.GenericWrappers.takeSnap(GenericWrappers.java:690)
	at utils.Reporter.reportStep(Reporter.java:20)
	at wrappers.GenericWrappers.takeSnap(GenericWrappers.java:690)
	at utils.Reporter.reportStep(Reporter.java:20)
	at wrappers.GenericWrappers.takeSnap(GenericWrappers.java:690)
	at utils.Reporter.reportStep(Reporter.java:20)
	at wrappers.GenericWrappers.takeSnap(GenericWrappers.java:690)
	at utils.Reporter.reportStep(Reporter.java:20)
	at wrappers.GenericWrappers.takeSnap(GenericWrappers.java:690)
	at utils.Reporter.reportStep(Reporter.java:20)
	at wrappers.GenericWrappers.takeSnap(GenericWrappers.java:690)
	at utils.Reporter.reportStep(Reporter.java:20)
	at wrappers.GenericWrappers.takeSnap(GenericWrappers.java:690)
	at utils.Reporter.reportStep(Reporter.java:20)
	at wrappers.GenericWrappers.takeSnap(GenericWrappers.java:690)
	at utils.Reporter.reportStep(Reporter.java:20)
	at wrappers.GenericWrappers.takeSnap(GenericWrappers.java:690)
	at utils.Reporter.reportStep(Reporter.java:20)
	at wrappers.GenericWrappers.takeSnap(GenericWrappers.java:690)
	at utils.Reporter.reportStep(Reporter.java:20)
]]>
            </full-stacktrace>
          </exception> <!-- java.lang.StackOverflowError -->
          <reporter-output>
          </reporter-output>
        </test-method> <!-- beforeMethod -->
        <test-method status="SKIP" signature="createcontent(java.lang.String, java.lang.String)[pri:0, instance:testcases.CreationOfContentCourseByPresentation@13deb50e]" name="createcontent" duration-ms="1" started-at="2017-03-28T10:55:10Z" data-provider="fetchData" finished-at="2017-03-28T10:55:10Z">
          <params>
            <param index="0">
              <value>
                <![CDATA[radham@expertus.com]]>
              </value>
            </param>
            <param index="1">
              <value>
                <![CDATA[password]]>
              </value>
            </param>
          </params>
          <reporter-output>
          </reporter-output>
        </test-method> <!-- createcontent -->
        <test-method status="SKIP" signature="afterMethod()[pri:0, instance:testcases.CreationOfContentCourseByPresentation@13deb50e]" name="afterMethod" is-config="true" duration-ms="0" started-at="2017-03-28T10:55:10Z" finished-at="2017-03-28T10:55:10Z">
          <reporter-output>
          </reporter-output>
        </test-method> <!-- afterMethod -->
        <test-method status="SKIP" signature="afterTest()[pri:0, instance:testcases.CreationOfContentCourseByPresentation@13deb50e]" name="afterTest" is-config="true" duration-ms="0" started-at="2017-03-28T10:55:10Z" finished-at="2017-03-28T10:55:10Z">
          <reporter-output>
          </reporter-output>
        </test-method> <!-- afterTest -->
        <test-method status="SKIP" signature="afterSuite()[pri:0, instance:testcases.CreationOfContentCourseByPresentation@13deb50e]" name="afterSuite" is-config="true" duration-ms="0" started-at="2017-03-28T10:55:10Z" finished-at="2017-03-28T10:55:10Z">
          <reporter-output>
          </reporter-output>
        </test-method> <!-- afterSuite -->
      </class> <!-- testcases.CreationOfContentCourseByPresentation -->
    </test> <!-- Test -->
  </suite> <!-- Suite -->
</testng-results>
