-------------------------------------------------------------------------------
Test set: TestSuite
-------------------------------------------------------------------------------
Tests run: 5, Failures: 1, Errors: 0, Skipped: 4, Time elapsed: 26.52 sec <<< FAILURE! - in TestSuite
beforeMethod(testcases.CreationOfContentCourseByPresentation)  Time elapsed: 26.382 sec  <<< FAILURE!
java.lang.StackOverflowError

